Arguments: 
  /Users/jeremy/.fnm/node-versions/v12.5.0/installation/bin/node /usr/local/Cellar/yarn/1.17.3/libexec/bin/yarn.js install

PATH: 
  /var/folders/f2/k8b62c59505bcdd3zqwzp8br0000gn/T/fnm-shell-8909463/bin:/usr/local/bin:/Library/Frameworks/Python.framework/Versions/3.5/bin:/Users/jeremy/.rvm/gems/ruby-2.4.1/bin:/Users/jeremy/.rvm/gems/ruby-2.4.1@global/bin:/Users/jeremy/.rvm/rubies/ruby-2.4.1/bin:/Users/jeremy/MagicLeap/mlsdk/v0.17.0/tools/mldb:/Applications/Racket v6.7/bin:/usr/local/mysql/bin:/Library/Frameworks/Python.framework/Versions/3.5/bin:/usr/local/share/npm/bin:/Users/jeremy/bin:/usr/local/bin:/usr/bin:/bin:/usr/sbin:/sbin:/usr/local/go/bin:/usr/local/share/dotnet:/opt/salt/bin:/usr/local/sbin:/opt/X11/bin:~/.dotnet/tools:/Library/Frameworks/Mono.framework/Versions/Current/Commands:/Applications/Xamarin Workbooks.app/Contents/SharedSupport/path-bin:/Users/jeremy/Library/Android/sdk/tools:/Users/jeremy/Library/Android/sdk/platform-tools:/Users/jeremy/.rvm/bin

Yarn version: 
  1.17.3

Node version: 
  12.5.0

Platform: 
  darwin x64

Trace: 
  Error: ENOENT: no such file or directory, copyfile '/Users/jeremy/Library/Caches/Yarn/v4/npm-ansi-regex-3.0.0-ed0317c322064f79466c02966bddb605ab37d998/node_modules/ansi-regex/index.js' -> '/Users/jeremy/Development/zenith-finance/node_modules/expo/node_modules/ansi-regex/index.js'

npm manifest: 
  {
    "main": "node_modules/expo/AppEntry.js",
    "scripts": {
      "start": "expo start",
      "android": "expo start --android",
      "ios": "expo start --ios",
      "web": "expo start --web",
      "eject": "expo eject"
    },
    "dependencies": {
      "expo": "^34.0.1",
      "react": "16.8.3",
      "react-dom": "^16.8.6",
      "react-native": "https://github.com/expo/react-native/archive/sdk-34.0.0.tar.gz",
      "react-native-web": "^0.11.4"
    },
    "devDependencies": {
      "@types/react": "^16.8.23",
      "@types/react-native": "^0.57.65",
      "babel-preset-expo": "^6.0.0",
      "typescript": "^3.4.5"
    },
    "private": true
  }

yarn manifest: 
  No manifest

Lockfile: 
  No lockfile
